<?xml version="1.0" encoding="UTF-8"?>
<testsuite xmlns:xsi="http://www.w3.org/2001/XMLSchema-instance" xsi:noNamespaceSchemaLocation="https://maven.apache.org/surefire/maven-surefire-plugin/xsd/surefire-test-report-3.0.xsd" version="3.0" name="TestSuite" time="105.255" tests="4" errors="0" skipped="0" failures="0">
  <properties>
    <property name="java.specification.version" value="24"/>
    <property name="webdriver.chrome.driver" value="/Users/bharathreddymosarla/eclipse-workspace/AutomationExcercise_Framework/Others/chromedriver"/>
    <property name="sun.jnu.encoding" value="UTF-8"/>
    <property name="java.class.path" value="/Users/bharathreddymosarla/eclipse-workspace/AutomationExcercise_Framework/target/test-classes:/Users/bharathreddymosarla/eclipse-workspace/AutomationExcercise_Framework/target/classes:/Users/bharathreddymosarla/.m2/repository/com/github/javafaker/javafaker/1.0.2/javafaker-1.0.2.jar:/Users/bharathreddymosarla/.m2/repository/org/apache/commons/commons-lang3/3.5/commons-lang3-3.5.jar:/Users/bharathreddymosarla/.m2/repository/org/yaml/snakeyaml/1.23/snakeyaml-1.23-android.jar:/Users/bharathreddymosarla/.m2/repository/com/github/mifmif/generex/1.0.2/generex-1.0.2.jar:/Users/bharathreddymosarla/.m2/repository/dk/brics/automaton/automaton/1.11-8/automaton-1.11-8.jar:/Users/bharathreddymosarla/.m2/repository/io/qameta/allure/allure-testng/2.29.0/allure-testng-2.29.0.jar:/Users/bharathreddymosarla/.m2/repository/io/qameta/allure/allure-java-commons/2.29.0/allure-java-commons-2.29.0.jar:/Users/bharathreddymosarla/.m2/repository/io/qameta/allure/allure-model/2.29.0/allure-model-2.29.0.jar:/Users/bharathreddymosarla/.m2/repository/io/qameta/allure/allure-test-filter/2.29.0/allure-test-filter-2.29.0.jar:/Users/bharathreddymosarla/.m2/repository/org/seleniumhq/selenium/selenium-java/3.141.59/selenium-java-3.141.59.jar:/Users/bharathreddymosarla/.m2/repository/org/seleniumhq/selenium/selenium-api/3.141.59/selenium-api-3.141.59.jar:/Users/bharathreddymosarla/.m2/repository/org/seleniumhq/selenium/selenium-chrome-driver/3.141.59/selenium-chrome-driver-3.141.59.jar:/Users/bharathreddymosarla/.m2/repository/org/seleniumhq/selenium/selenium-edge-driver/3.141.59/selenium-edge-driver-3.141.59.jar:/Users/bharathreddymosarla/.m2/repository/org/seleniumhq/selenium/selenium-firefox-driver/3.141.59/selenium-firefox-driver-3.141.59.jar:/Users/bharathreddymosarla/.m2/repository/org/seleniumhq/selenium/selenium-ie-driver/3.141.59/selenium-ie-driver-3.141.59.jar:/Users/bharathreddymosarla/.m2/repository/org/seleniumhq/selenium/selenium-opera-driver/3.141.59/selenium-opera-driver-3.141.59.jar:/Users/bharathreddymosarla/.m2/repository/org/seleniumhq/selenium/selenium-remote-driver/3.141.59/selenium-remote-driver-3.141.59.jar:/Users/bharathreddymosarla/.m2/repository/org/seleniumhq/selenium/selenium-safari-driver/3.141.59/selenium-safari-driver-3.141.59.jar:/Users/bharathreddymosarla/.m2/repository/org/seleniumhq/selenium/selenium-support/3.141.59/selenium-support-3.141.59.jar:/Users/bharathreddymosarla/.m2/repository/net/bytebuddy/byte-buddy/1.8.15/byte-buddy-1.8.15.jar:/Users/bharathreddymosarla/.m2/repository/org/apache/commons/commons-exec/1.3/commons-exec-1.3.jar:/Users/bharathreddymosarla/.m2/repository/com/google/guava/guava/25.0-jre/guava-25.0-jre.jar:/Users/bharathreddymosarla/.m2/repository/com/google/code/findbugs/jsr305/1.3.9/jsr305-1.3.9.jar:/Users/bharathreddymosarla/.m2/repository/org/checkerframework/checker-compat-qual/2.0.0/checker-compat-qual-2.0.0.jar:/Users/bharathreddymosarla/.m2/repository/com/google/errorprone/error_prone_annotations/2.1.3/error_prone_annotations-2.1.3.jar:/Users/bharathreddymosarla/.m2/repository/com/google/j2objc/j2objc-annotations/1.1/j2objc-annotations-1.1.jar:/Users/bharathreddymosarla/.m2/repository/org/codehaus/mojo/animal-sniffer-annotations/1.14/animal-sniffer-annotations-1.14.jar:/Users/bharathreddymosarla/.m2/repository/com/squareup/okhttp3/okhttp/3.11.0/okhttp-3.11.0.jar:/Users/bharathreddymosarla/.m2/repository/com/squareup/okio/okio/1.14.0/okio-1.14.0.jar:/Users/bharathreddymosarla/.m2/repository/dom4j/dom4j/1.6.1/dom4j-1.6.1.jar:/Users/bharathreddymosarla/.m2/repository/xml-apis/xml-apis/1.0.b2/xml-apis-1.0.b2.jar:/Users/bharathreddymosarla/.m2/repository/org/apache/poi/poi/3.9/poi-3.9.jar:/Users/bharathreddymosarla/.m2/repository/commons-codec/commons-codec/1.5/commons-codec-1.5.jar:/Users/bharathreddymosarla/.m2/repository/org/apache/poi/poi-ooxml/3.9/poi-ooxml-3.9.jar:/Users/bharathreddymosarla/.m2/repository/org/apache/poi/poi-ooxml-schemas/3.9/poi-ooxml-schemas-3.9.jar:/Users/bharathreddymosarla/.m2/repository/org/apache/xmlbeans/xmlbeans/2.3.0/xmlbeans-2.3.0.jar:/Users/bharathreddymosarla/.m2/repository/stax/stax-api/1.0.1/stax-api-1.0.1.jar:/Users/bharathreddymosarla/.m2/repository/commons-io/commons-io/2.11.0/commons-io-2.11.0.jar:/Users/bharathreddymosarla/.m2/repository/com/aventstack/extentreports/3.1.5/extentreports-3.1.5.jar:/Users/bharathreddymosarla/.m2/repository/org/freemarker/freemarker/2.3.23/freemarker-2.3.23.jar:/Users/bharathreddymosarla/.m2/repository/org/mongodb/mongodb-driver/3.3.0/mongodb-driver-3.3.0.jar:/Users/bharathreddymosarla/.m2/repository/org/mongodb/bson/3.3.0/bson-3.3.0.jar:/Users/bharathreddymosarla/.m2/repository/org/mongodb/mongodb-driver-core/3.3.0/mongodb-driver-core-3.3.0.jar:/Users/bharathreddymosarla/.m2/repository/org/apache/httpcomponents/httpclient/4.5.2/httpclient-4.5.2.jar:/Users/bharathreddymosarla/.m2/repository/org/apache/httpcomponents/httpcore/4.4.4/httpcore-4.4.4.jar:/Users/bharathreddymosarla/.m2/repository/commons-logging/commons-logging/1.2/commons-logging-1.2.jar:/Users/bharathreddymosarla/.m2/repository/org/apache/httpcomponents/httpmime/4.5.2/httpmime-4.5.2.jar:/Users/bharathreddymosarla/.m2/repository/org/jsoup/jsoup/1.9.2/jsoup-1.9.2.jar:/Users/bharathreddymosarla/.m2/repository/com/google/code/gson/gson/2.8.0/gson-2.8.0.jar:/Users/bharathreddymosarla/.m2/repository/org/testng/testng/7.7.1/testng-7.7.1.jar:/Users/bharathreddymosarla/.m2/repository/org/slf4j/slf4j-api/1.7.36/slf4j-api-1.7.36.jar:/Users/bharathreddymosarla/.m2/repository/com/beust/jcommander/1.82/jcommander-1.82.jar:/Users/bharathreddymosarla/.m2/repository/org/webjars/jquery/3.6.1/jquery-3.6.1.jar:"/>
    <property name="java.vm.vendor" value="Homebrew"/>
    <property name="sun.arch.data.model" value="64"/>
    <property name="java.vendor.url" value="https://github.com/Homebrew/homebrew-core/issues"/>
    <property name="user.timezone" value="Asia/Kolkata"/>
    <property name="os.name" value="Mac OS X"/>
    <property name="java.vm.specification.version" value="24"/>
    <property name="sun.java.launcher" value="SUN_STANDARD"/>
    <property name="user.country" value="IN"/>
    <property name="sun.boot.library.path" value="/opt/homebrew/Cellar/openjdk/24.0.1/libexec/openjdk.jdk/Contents/Home/lib"/>
    <property name="sun.java.command" value="/Users/bharathreddymosarla/eclipse-workspace/AutomationExcercise_Framework/target/surefire/surefirebooter-20250626134056190_3.jar /Users/bharathreddymosarla/eclipse-workspace/AutomationExcercise_Framework/target/surefire 2025-06-26T13-40-55_679-jvmRun1 surefire-20250626134056190_1tmp surefire_0-20250626134056190_2tmp"/>
    <property name="http.nonProxyHosts" value="local|*.local|169.254/16|*.169.254/16"/>
    <property name="jdk.debug" value="release"/>
    <property name="surefire.test.class.path" value="/Users/bharathreddymosarla/eclipse-workspace/AutomationExcercise_Framework/target/test-classes:/Users/bharathreddymosarla/eclipse-workspace/AutomationExcercise_Framework/target/classes:/Users/bharathreddymosarla/.m2/repository/com/github/javafaker/javafaker/1.0.2/javafaker-1.0.2.jar:/Users/bharathreddymosarla/.m2/repository/org/apache/commons/commons-lang3/3.5/commons-lang3-3.5.jar:/Users/bharathreddymosarla/.m2/repository/org/yaml/snakeyaml/1.23/snakeyaml-1.23-android.jar:/Users/bharathreddymosarla/.m2/repository/com/github/mifmif/generex/1.0.2/generex-1.0.2.jar:/Users/bharathreddymosarla/.m2/repository/dk/brics/automaton/automaton/1.11-8/automaton-1.11-8.jar:/Users/bharathreddymosarla/.m2/repository/io/qameta/allure/allure-testng/2.29.0/allure-testng-2.29.0.jar:/Users/bharathreddymosarla/.m2/repository/io/qameta/allure/allure-java-commons/2.29.0/allure-java-commons-2.29.0.jar:/Users/bharathreddymosarla/.m2/repository/io/qameta/allure/allure-model/2.29.0/allure-model-2.29.0.jar:/Users/bharathreddymosarla/.m2/repository/io/qameta/allure/allure-test-filter/2.29.0/allure-test-filter-2.29.0.jar:/Users/bharathreddymosarla/.m2/repository/org/seleniumhq/selenium/selenium-java/3.141.59/selenium-java-3.141.59.jar:/Users/bharathreddymosarla/.m2/repository/org/seleniumhq/selenium/selenium-api/3.141.59/selenium-api-3.141.59.jar:/Users/bharathreddymosarla/.m2/repository/org/seleniumhq/selenium/selenium-chrome-driver/3.141.59/selenium-chrome-driver-3.141.59.jar:/Users/bharathreddymosarla/.m2/repository/org/seleniumhq/selenium/selenium-edge-driver/3.141.59/selenium-edge-driver-3.141.59.jar:/Users/bharathreddymosarla/.m2/repository/org/seleniumhq/selenium/selenium-firefox-driver/3.141.59/selenium-firefox-driver-3.141.59.jar:/Users/bharathreddymosarla/.m2/repository/org/seleniumhq/selenium/selenium-ie-driver/3.141.59/selenium-ie-driver-3.141.59.jar:/Users/bharathreddymosarla/.m2/repository/org/seleniumhq/selenium/selenium-opera-driver/3.141.59/selenium-opera-driver-3.141.59.jar:/Users/bharathreddymosarla/.m2/repository/org/seleniumhq/selenium/selenium-remote-driver/3.141.59/selenium-remote-driver-3.141.59.jar:/Users/bharathreddymosarla/.m2/repository/org/seleniumhq/selenium/selenium-safari-driver/3.141.59/selenium-safari-driver-3.141.59.jar:/Users/bharathreddymosarla/.m2/repository/org/seleniumhq/selenium/selenium-support/3.141.59/selenium-support-3.141.59.jar:/Users/bharathreddymosarla/.m2/repository/net/bytebuddy/byte-buddy/1.8.15/byte-buddy-1.8.15.jar:/Users/bharathreddymosarla/.m2/repository/org/apache/commons/commons-exec/1.3/commons-exec-1.3.jar:/Users/bharathreddymosarla/.m2/repository/com/google/guava/guava/25.0-jre/guava-25.0-jre.jar:/Users/bharathreddymosarla/.m2/repository/com/google/code/findbugs/jsr305/1.3.9/jsr305-1.3.9.jar:/Users/bharathreddymosarla/.m2/repository/org/checkerframework/checker-compat-qual/2.0.0/checker-compat-qual-2.0.0.jar:/Users/bharathreddymosarla/.m2/repository/com/google/errorprone/error_prone_annotations/2.1.3/error_prone_annotations-2.1.3.jar:/Users/bharathreddymosarla/.m2/repository/com/google/j2objc/j2objc-annotations/1.1/j2objc-annotations-1.1.jar:/Users/bharathreddymosarla/.m2/repository/org/codehaus/mojo/animal-sniffer-annotations/1.14/animal-sniffer-annotations-1.14.jar:/Users/bharathreddymosarla/.m2/repository/com/squareup/okhttp3/okhttp/3.11.0/okhttp-3.11.0.jar:/Users/bharathreddymosarla/.m2/repository/com/squareup/okio/okio/1.14.0/okio-1.14.0.jar:/Users/bharathreddymosarla/.m2/repository/dom4j/dom4j/1.6.1/dom4j-1.6.1.jar:/Users/bharathreddymosarla/.m2/repository/xml-apis/xml-apis/1.0.b2/xml-apis-1.0.b2.jar:/Users/bharathreddymosarla/.m2/repository/org/apache/poi/poi/3.9/poi-3.9.jar:/Users/bharathreddymosarla/.m2/repository/commons-codec/commons-codec/1.5/commons-codec-1.5.jar:/Users/bharathreddymosarla/.m2/repository/org/apache/poi/poi-ooxml/3.9/poi-ooxml-3.9.jar:/Users/bharathreddymosarla/.m2/repository/org/apache/poi/poi-ooxml-schemas/3.9/poi-ooxml-schemas-3.9.jar:/Users/bharathreddymosarla/.m2/repository/org/apache/xmlbeans/xmlbeans/2.3.0/xmlbeans-2.3.0.jar:/Users/bharathreddymosarla/.m2/repository/stax/stax-api/1.0.1/stax-api-1.0.1.jar:/Users/bharathreddymosarla/.m2/repository/commons-io/commons-io/2.11.0/commons-io-2.11.0.jar:/Users/bharathreddymosarla/.m2/repository/com/aventstack/extentreports/3.1.5/extentreports-3.1.5.jar:/Users/bharathreddymosarla/.m2/repository/org/freemarker/freemarker/2.3.23/freemarker-2.3.23.jar:/Users/bharathreddymosarla/.m2/repository/org/mongodb/mongodb-driver/3.3.0/mongodb-driver-3.3.0.jar:/Users/bharathreddymosarla/.m2/repository/org/mongodb/bson/3.3.0/bson-3.3.0.jar:/Users/bharathreddymosarla/.m2/repository/org/mongodb/mongodb-driver-core/3.3.0/mongodb-driver-core-3.3.0.jar:/Users/bharathreddymosarla/.m2/repository/org/apache/httpcomponents/httpclient/4.5.2/httpclient-4.5.2.jar:/Users/bharathreddymosarla/.m2/repository/org/apache/httpcomponents/httpcore/4.4.4/httpcore-4.4.4.jar:/Users/bharathreddymosarla/.m2/repository/commons-logging/commons-logging/1.2/commons-logging-1.2.jar:/Users/bharathreddymosarla/.m2/repository/org/apache/httpcomponents/httpmime/4.5.2/httpmime-4.5.2.jar:/Users/bharathreddymosarla/.m2/repository/org/jsoup/jsoup/1.9.2/jsoup-1.9.2.jar:/Users/bharathreddymosarla/.m2/repository/com/google/code/gson/gson/2.8.0/gson-2.8.0.jar:/Users/bharathreddymosarla/.m2/repository/org/testng/testng/7.7.1/testng-7.7.1.jar:/Users/bharathreddymosarla/.m2/repository/org/slf4j/slf4j-api/1.7.36/slf4j-api-1.7.36.jar:/Users/bharathreddymosarla/.m2/repository/com/beust/jcommander/1.82/jcommander-1.82.jar:/Users/bharathreddymosarla/.m2/repository/org/webjars/jquery/3.6.1/jquery-3.6.1.jar:"/>
    <property name="sun.cpu.endian" value="little"/>
    <property name="user.home" value="/Users/bharathreddymosarla"/>
    <property name="user.language" value="en"/>
    <property name="java.specification.vendor" value="Oracle Corporation"/>
    <property name="java.version.date" value="2025-04-15"/>
    <property name="java.home" value="/opt/homebrew/Cellar/openjdk/24.0.1/libexec/openjdk.jdk/Contents/Home"/>
    <property name="file.separator" value="/"/>
    <property name="basedir" value="/Users/bharathreddymosarla/eclipse-workspace/AutomationExcercise_Framework"/>
    <property name="java.vm.compressedOopsMode" value="Zero based"/>
    <property name="line.separator" value="&#10;"/>
    <property name="java.vm.specification.vendor" value="Oracle Corporation"/>
    <property name="java.specification.name" value="Java Platform API Specification"/>
    <property name="apple.awt.application.name" value="ForkedBooter"/>
    <property name="surefire.real.class.path" value="/Users/bharathreddymosarla/eclipse-workspace/AutomationExcercise_Framework/target/surefire/surefirebooter-20250626134056190_3.jar"/>
    <property name="sun.management.compiler" value="HotSpot 64-Bit Tiered Compilers"/>
    <property name="ftp.nonProxyHosts" value="local|*.local|169.254/16|*.169.254/16"/>
    <property name="java.runtime.version" value="24.0.1"/>
    <property name="user.name" value="bharathreddymosarla"/>
    <property name="stdout.encoding" value="UTF-8"/>
    <property name="path.separator" value=":"/>
    <property name="os.version" value="15.5"/>
    <property name="java.runtime.name" value="OpenJDK Runtime Environment"/>
    <property name="file.encoding" value="UTF-8"/>
    <property name="java.vm.name" value="OpenJDK 64-Bit Server VM"/>
    <property name="java.vendor.version" value="Homebrew"/>
    <property name="localRepository" value="/Users/bharathreddymosarla/.m2/repository"/>
    <property name="java.vendor.url.bug" value="https://github.com/Homebrew/homebrew-core/issues"/>
    <property name="java.io.tmpdir" value="/var/folders/yl/pty_hlg11bs3z12v53_1_b8c0000gn/T/"/>
    <property name="java.version" value="24.0.1"/>
    <property name="user.dir" value="/Users/bharathreddymosarla/eclipse-workspace/AutomationExcercise_Framework"/>
    <property name="os.arch" value="aarch64"/>
    <property name="java.vm.specification.name" value="Java Virtual Machine Specification"/>
    <property name="native.encoding" value="UTF-8"/>
    <property name="java.library.path" value="/Users/bharathreddymosarla/Library/Java/Extensions:/Library/Java/Extensions:/Network/Library/Java/Extensions:/System/Library/Java/Extensions:/usr/lib/java:."/>
    <property name="java.vm.info" value="mixed mode, sharing"/>
    <property name="stderr.encoding" value="UTF-8"/>
    <property name="java.vendor" value="Homebrew"/>
    <property name="java.vm.version" value="24.0.1"/>
    <property name="sun.io.unicode.encoding" value="UnicodeBig"/>
    <property name="socksNonProxyHosts" value="local|*.local|169.254/16|*.169.254/16"/>
    <property name="java.class.version" value="68.0"/>
  </properties>
  <testcase name="registerUser" classname="Tests.Testcase01" time="16.369">
    <system-err><![CDATA[SLF4J: Failed to load class "org.slf4j.impl.StaticLoggerBinder".
SLF4J: Defaulting to no-operation (NOP) logger implementation
SLF4J: See http://www.slf4j.org/codes.html#StaticLoggerBinder for further details.
Starting ChromeDriver 138.0.7204.49 (d2b48fd5f7813ed477a2d68fa232b8178fa4fb1e-refs/branch-heads/7204@{#1814}) on port 31516
Only local connections are allowed.
Please see https://chromedriver.chromium.org/security-considerations for suggestions on keeping ChromeDriver safe.
ChromeDriver was started successfully on port 31516.
Jun 26, 2025 1:40:57 PM org.openqa.selenium.remote.ProtocolHandshake createSession
INFO: Detected dialect: W3C
]]></system-err>
  </testcase>
  <testcase name="loginUser" classname="Tests.Testcase02" time="22.552">
    <system-out><![CDATA[In report Generate
]]></system-out>
    <system-err><![CDATA[Starting ChromeDriver 138.0.7204.49 (d2b48fd5f7813ed477a2d68fa232b8178fa4fb1e-refs/branch-heads/7204@{#1814}) on port 38628
Only local connections are allowed.
Please see https://chromedriver.chromium.org/security-considerations for suggestions on keeping ChromeDriver safe.
ChromeDriver was started successfully on port 38628.
Jun 26, 2025 1:41:17 PM org.openqa.selenium.remote.ProtocolHandshake createSession
INFO: Detected dialect: W3C
]]></system-err>
  </testcase>
  <testcase name="loginUserNon" classname="Tests.Testcase03" time="20.507">
    <system-out><![CDATA[In report Generate
]]></system-out>
    <system-err><![CDATA[Starting ChromeDriver 138.0.7204.49 (d2b48fd5f7813ed477a2d68fa232b8178fa4fb1e-refs/branch-heads/7204@{#1814}) on port 1749
Only local connections are allowed.
Please see https://chromedriver.chromium.org/security-considerations for suggestions on keeping ChromeDriver safe.
ChromeDriver was started successfully on port 1749.
Jun 26, 2025 1:41:45 PM org.openqa.selenium.remote.ProtocolHandshake createSession
INFO: Detected dialect: W3C
]]></system-err>
  </testcase>
  <testcase name="logoutUser" classname="Tests.Testcase04" time="30.829">
    <system-out><![CDATA[In report Generate
]]></system-out>
    <system-err><![CDATA[Starting ChromeDriver 138.0.7204.49 (d2b48fd5f7813ed477a2d68fa232b8178fa4fb1e-refs/branch-heads/7204@{#1814}) on port 17120
Only local connections are allowed.
Please see https://chromedriver.chromium.org/security-considerations for suggestions on keeping ChromeDriver safe.
ChromeDriver was started successfully on port 17120.
Jun 26, 2025 1:42:09 PM org.openqa.selenium.remote.ProtocolHandshake createSession
INFO: Detected dialect: W3C
]]></system-err>
  </testcase>
</testsuite>