<?xml version="1.0" encoding="UTF-8"?>
<!-- Generated by org.testng.reporters.JUnitReportReporter -->
<testsuite hostname="Bharaths-MacBook-Pro.local" failures="0" tests="1" name="Tests.Testcase05" time="24.907" errors="0" timestamp="2025-06-26T12:56:40 IST" skipped="0">
  <testcase classname="Tests.Testcase05" name="registerUserNon" time="24.907"/>
  <system-out/>
</testsuite> <!-- Tests.Testcase05 -->
