<?xml version="1.0" encoding="UTF-8"?>
<!-- Generated by org.testng.reporters.JUnitReportReporter -->
<testsuite hostname="Bharaths-MacBook-Pro.local" failures="0" tests="1" name="Tests.TestCase3" time="2.976" errors="0" timestamp="2025-03-23T13:26:26 IST" skipped="0">
  <testcase classname="Tests.TestCase3" name="loginUserNon" time="2.976"/>
  <system-out/>
</testsuite> <!-- Tests.TestCase3 -->
