<?xml version="1.0" encoding="UTF-8"?>
<!-- Generated by org.testng.reporters.JUnitReportReporter -->
<testsuite hostname="Bharaths-MacBook-Pro.local" failures="0" tests="1" name="Tests.Testcase20" time="23.888" errors="0" timestamp="2025-06-26T12:56:40 IST" skipped="0">
  <testcase classname="Tests.Testcase20" name="searchAddCartAfterLogin" time="23.888"/>
  <system-out/>
</testsuite> <!-- Tests.Testcase20 -->
