<?xml version="1.0" encoding="UTF-8"?>
<!-- Generated by org.testng.reporters.JUnitReportReporter -->
<testsuite hostname="Bharaths-MacBook-Pro.local" failures="0" tests="1" name="Tests.Testcase21" time="19.847" errors="0" timestamp="2025-06-26T12:56:40 IST" skipped="0">
  <testcase classname="Tests.Testcase21" name="addReview" time="19.847"/>
  <system-out/>
</testsuite> <!-- Tests.Testcase21 -->
