<?xml version="1.0" encoding="UTF-8"?>
<!-- Generated by org.testng.reporters.JUnitReportReporter -->
<testsuite hostname="Bharaths-MacBook-Pro.local" failures="0" tests="1" name="Tests.TestCases7" time="2.549" errors="0" timestamp="2025-03-23T14:39:28 IST" skipped="0">
  <testcase classname="Tests.TestCases7" name="testcasepage" time="2.549"/>
  <system-out/>
</testsuite> <!-- Tests.TestCases7 -->
