<?xml version="1.0" encoding="UTF-8"?>
<!-- Generated by org.testng.reporters.JUnitReportReporter -->
<testsuite hostname="Bharaths-MacBook-Pro.local" failures="0" tests="1" name="Tests.Testcase16" time="23.741" errors="0" timestamp="2025-06-26T12:56:40 IST" skipped="0">
  <testcase classname="Tests.Testcase16" name="loginBeforeCheckout" time="23.741"/>
  <system-out/>
</testsuite> <!-- Tests.Testcase16 -->
