<?xml version="1.0" encoding="UTF-8"?>
<!-- Generated by org.testng.reporters.JUnitReportReporter -->
<testsuite hostname="Bharaths-MacBook-Pro.local" failures="0" tests="1" name="Tests.TestCase9" time="5.414" errors="0" timestamp="2025-03-23T19:19:06 IST" skipped="0">
  <testcase classname="Tests.TestCase9" name="searchProduct" time="5.414"/>
  <system-out/>
</testsuite> <!-- Tests.TestCase9 -->
