<?xml version="1.0" encoding="UTF-8"?>
<!-- Generated by org.testng.reporters.JUnitReportReporter -->
<testsuite hostname="Bharaths-MacBook-Pro.local" failures="0" tests="1" name="Tests.Testcase1" time="15.798" errors="0" timestamp="2025-03-23T13:27:49 IST" skipped="0">
  <testcase classname="Tests.Testcase1" name="registerUser" time="15.798"/>
  <system-out/>
</testsuite> <!-- Tests.Testcase1 -->
