<?xml version="1.0" encoding="UTF-8"?>
<!-- Generated by org.testng.reporters.JUnitReportReporter -->
<testsuite hostname="Bharaths-MacBook-Pro.local" failures="0" tests="1" name="Tests.TestCase2" time="5.099" errors="0" timestamp="2025-03-23T13:26:26 IST" skipped="0">
  <testcase classname="Tests.TestCase2" name="loginUser" time="5.099"/>
  <system-out/>
</testsuite> <!-- Tests.TestCase2 -->
