<?xml version="1.0" encoding="UTF-8"?>
<!-- Generated by org.testng.reporters.JUnitReportReporter -->
<testsuite hostname="Bharaths-MacBook-Pro.local" failures="0" tests="1" name="Tests.Testcase03" time="20.510" errors="0" timestamp="2025-06-26T13:42:41 IST" skipped="0">
  <testcase classname="Tests.Testcase03" name="loginUserNon" time="20.510"/>
  <system-out/>
</testsuite> <!-- Tests.Testcase03 -->
