<?xml version="1.0" encoding="UTF-8"?>
<!-- Generated by org.testng.reporters.JUnitReportReporter -->
<testsuite hostname="Bharaths-MacBook-Pro.local" failures="0" tests="1" name="Tests.Testcase19" time="0.000" errors="0" timestamp="2025-06-26T12:41:19 IST" skipped="1">
  <testcase classname="Tests.Testcase19" name="viewBrandProducts" time="0.000">
    <skipped/>
  </testcase> <!-- viewBrandProducts -->
  <system-out/>
</testsuite> <!-- Tests.Testcase19 -->
