<?xml version="1.0" encoding="UTF-8"?>
<!-- Generated by org.testng.reporters.JUnitReportReporter -->
<testsuite hostname="Bharaths-MacBook-Pro.local" failures="0" tests="1" name="Tests.Testcase01" time="16.340" errors="0" timestamp="2025-06-26T13:42:41 IST" skipped="0">
  <testcase classname="Tests.Testcase01" name="registerUser" time="16.340"/>
  <system-out/>
</testsuite> <!-- Tests.Testcase01 -->
