<?xml version="1.0" encoding="UTF-8"?>
<!-- Generated by org.testng.reporters.JUnitReportReporter -->
<testsuite hostname="Bharaths-MacBook-Pro.local" failures="0" tests="1" name="Tests.Testcase04" time="30.832" errors="0" timestamp="2025-06-26T13:42:41 IST" skipped="0">
  <testcase classname="Tests.Testcase04" name="logoutUser" time="30.832"/>
  <system-out/>
</testsuite> <!-- Tests.Testcase04 -->
