<?xml version="1.0" encoding="UTF-8"?>
<!-- Generated by org.testng.reporters.JUnitReportReporter -->
<testsuite hostname="Bharaths-MacBook-Pro.local" failures="0" tests="1" name="Tests.Testcase02" time="22.552" errors="0" timestamp="2025-06-26T13:42:41 IST" skipped="0">
  <testcase classname="Tests.Testcase02" name="loginUser" time="22.552"/>
  <system-out/>
</testsuite> <!-- Tests.Testcase02 -->
