<?xml version="1.0" encoding="UTF-8"?>
<!-- Generated by org.testng.reporters.JUnitReportReporter -->
<testsuite hostname="Bharaths-MacBook-Pro.local" failures="0" tests="1" name="Tests.Testcase12" time="0.001" errors="0" timestamp="2025-06-26T12:41:19 IST" skipped="1">
  <testcase classname="Tests.Testcase12" name="addProducts" time="0.001">
    <skipped/>
  </testcase> <!-- addProducts -->
  <system-out/>
</testsuite> <!-- Tests.Testcase12 -->
